{"level":"info","ts":"2023-03-05 19:56:39.562498","caller":"global/db.go:39","msg":"mysql数据库的连接url==>root@(127.0.0.1:3306)/order?charset=utf8&parseTime=true&loc=Local&timeout=10s"}
{"level":"info","ts":"2023-03-05 19:56:39.564542","caller":"global/db.go:56","msg":"当前的SQL配置情况：{\"MaxOpenConnections\":100,\"OpenConnections\":1,\"InUse\":0,\"Idle\":1,\"WaitCount\":0,\"WaitDuration\":0,\"MaxIdleClosed\":0,\"MaxIdleTimeClosed\":0,\"MaxLifetimeClosed\":0}"}
{"level":"info","ts":"2023-03-05 19:56:39.564767","caller":"order/main.go:30","msg":"grpc server is running at 127.0.0.1:8080 ..."}
{"level":"info","ts":"2023-03-05 19:56:52.092330","caller":"global/db.go:39","msg":"mysql数据库的连接url==>root@(127.0.0.1:3306)/order?charset=utf8&parseTime=true&loc=Local&timeout=10s"}
{"level":"info","ts":"2023-03-05 19:56:52.093731","caller":"global/db.go:56","msg":"当前的SQL配置情况：{\"MaxOpenConnections\":100,\"OpenConnections\":1,\"InUse\":0,\"Idle\":1,\"WaitCount\":0,\"WaitDuration\":0,\"MaxIdleClosed\":0,\"MaxIdleTimeClosed\":0,\"MaxLifetimeClosed\":0}"}
{"level":"info","ts":"2023-03-05 19:56:52.093981","caller":"order/main.go:30","msg":"grpc server is running at 127.0.0.1:8080 ..."}
{"level":"info","ts":"2023-03-05 19:56:56.215238","caller":"service/order.go:43","msg":"收到创建订单的请求：platform_shop_id:\"d0db3c70-f94d-4d79-9b4b-d29af2d9b388\" is_pre_order:true total:10 user_paid:10 discount_amount:10 platform_user_id:\"ed86f2ba-f558-41fb-b7fe-b1e8852d5271\" receiver:\"Hello\" real_mobile:\"Hello\" detail_address:\"Hello\" user_remark:\"Hello\""}
{"level":"info","ts":"2023-03-05 19:56:56.219830","caller":"tools/amap.go:36","msg":"https://restapi.amap.com/v3/geocode/geo?address=Hello&key=a8048b58a245ca4328c9cd4c095cc660"}
{"level":"info","ts":"2023-03-06 22:22:42.809769","caller":"global/db.go:39","msg":"mysql数据库的连接url==>root@(127.0.0.1:3306)/order?charset=utf8&parseTime=true&loc=Local&timeout=10s"}
{"level":"info","ts":"2023-03-06 22:22:42.817405","caller":"global/db.go:56","msg":"当前的SQL配置情况：{\"MaxOpenConnections\":100,\"OpenConnections\":1,\"InUse\":0,\"Idle\":1,\"WaitCount\":0,\"WaitDuration\":0,\"MaxIdleClosed\":0,\"MaxIdleTimeClosed\":0,\"MaxLifetimeClosed\":0}"}
{"level":"info","ts":"2023-03-06 22:23:48.604305","caller":"global/db.go:39","msg":"mysql数据库的连接url==>root@(127.0.0.1:3306)/order?charset=utf8&parseTime=true&loc=Local&timeout=10s"}
{"level":"info","ts":"2023-03-06 22:23:48.608784","caller":"global/db.go:56","msg":"当前的SQL配置情况：{\"MaxOpenConnections\":100,\"OpenConnections\":1,\"InUse\":0,\"Idle\":1,\"WaitCount\":0,\"WaitDuration\":0,\"MaxIdleClosed\":0,\"MaxIdleTimeClosed\":0,\"MaxLifetimeClosed\":0}"}
{"level":"info","ts":"2023-03-06 22:23:48.609507","caller":"order/main.go:30","msg":"grpc server is running at 127.0.0.1:8080 ..."}
{"level":"info","ts":"2023-03-06 22:24:51.513503","caller":"global/db.go:38","msg":"mysql数据库的连接url==>root@(127.0.0.1:3306)/order?charset=utf8&parseTime=true&loc=Local&timeout=10s"}
{"level":"info","ts":"2023-03-06 22:24:51.518426","caller":"global/db.go:54","msg":"数据库连接成功"}
{"level":"info","ts":"2023-03-06 22:24:51.518714","caller":"global/redis.go:40","msg":"redis连接成功"}
{"level":"info","ts":"2023-03-06 22:24:51.519234","caller":"order/main.go:30","msg":"grpc server is running at 127.0.0.1:8080 ..."}
{"level":"info","ts":"2023-03-06 22:43:40.484124","caller":"global/db.go:53","msg":"数据库连接成功"}
{"level":"info","ts":"2023-03-06 22:43:40.484839","caller":"global/redis.go:40","msg":"redis连接成功"}
{"level":"info","ts":"2023-03-06 22:43:40.485195","caller":"order/main.go:30","msg":"grpc server is running at 127.0.0.1:8080 ..."}
{"level":"info","ts":"2023-03-07 09:18:51.246555","caller":"global/db.go:53","msg":"数据库连接成功"}
{"level":"info","ts":"2023-03-07 09:18:51.247527","caller":"global/redis.go:40","msg":"redis连接成功"}
{"level":"info","ts":"2023-03-12 16:50:32.577908","caller":"global/db.go:53","msg":"数据库连接成功"}
{"level":"info","ts":"2023-03-12 16:50:32.578870","caller":"global/redis.go:40","msg":"redis连接成功"}
{"level":"info","ts":"2023-03-12 16:50:32.579242","caller":"order/main.go:30","msg":"grpc server is running at 127.0.0.1:8080 ..."}
{"level":"info","ts":"2023-03-12 18:03:26.995417","caller":"global/db.go:53","msg":"数据库连接成功"}
{"level":"info","ts":"2023-03-12 18:03:26.996293","caller":"global/redis.go:40","msg":"redis连接成功"}
{"level":"info","ts":"2023-03-12 18:03:26.996784","caller":"order/main.go:37","msg":"grpc server is running at 127.0.0.1:8080 ..."}
{"level":"info","ts":"2023-03-12 18:03:44.404147","caller":"service/order.go:43","msg":"收到创建订单的请求：platform_shop_id:\"d0db3c70-f94d-4d79-9b4b-d29af2d9b388\" is_pre_order:true total:10 user_paid:10 discount_amount:10 platform_user_id:\"ed86f2ba-f558-41fb-b7fe-b1e8852d5271\" receiver:\"Hello\" real_mobile:\"Hello\" detail_address:\"Hello\" user_remark:\"Hello\""}
{"level":"info","ts":"2023-03-12 18:03:44.438544","caller":"tools/amap.go:36","msg":"https://restapi.amap.com/v3/geocode/geo?address=Hello&key=a8048b58a245ca4328c9cd4c095cc660"}
{"level":"info","ts":"2023-03-12 18:04:54.831698","caller":"global/db.go:53","msg":"数据库连接成功"}
{"level":"info","ts":"2023-03-12 18:04:54.832516","caller":"global/redis.go:40","msg":"redis连接成功"}
{"level":"info","ts":"2023-03-12 18:04:54.833056","caller":"order/main.go:37","msg":"grpc server is running at 127.0.0.1:8080 ..."}
{"level":"info","ts":"2023-03-12 18:04:59.108344","caller":"service/order.go:43","msg":"收到创建订单的请求：platform_shop_id:\"d0db3c70-f94d-4d79-9b4b-d29af2d9b388\" is_pre_order:true total:10 user_paid:10 discount_amount:10 platform_user_id:\"ed86f2ba-f558-41fb-b7fe-b1e8852d5271\" receiver:\"Hello\" real_mobile:\"Hello\" detail_address:\"Hello\" user_remark:\"Hello\""}
{"level":"info","ts":"2023-03-12 18:04:59.127499","caller":"tools/amap.go:36","msg":"https://restapi.amap.com/v3/geocode/geo?address=Hello&key=a8048b58a245ca4328c9cd4c095cc660"}
{"level":"info","ts":"2023-03-12 18:06:36.826798","caller":"global/db.go:53","msg":"数据库连接成功"}
{"level":"info","ts":"2023-03-12 18:06:36.827217","caller":"global/redis.go:40","msg":"redis连接成功"}
{"level":"info","ts":"2023-03-12 18:06:36.827488","caller":"order/main.go:37","msg":"grpc server is running at 127.0.0.1:8080 ..."}
{"level":"info","ts":"2023-03-12 18:06:39.407679","caller":"service/order.go:27","msg":"1"}
{"level":"info","ts":"2023-03-12 18:07:15.477378","caller":"global/db.go:53","msg":"数据库连接成功"}
{"level":"info","ts":"2023-03-12 18:07:15.477888","caller":"global/redis.go:40","msg":"redis连接成功"}
{"level":"info","ts":"2023-03-12 18:07:15.478195","caller":"order/main.go:37","msg":"grpc server is running at 127.0.0.1:8080 ..."}
{"level":"info","ts":"2023-03-12 18:07:18.183001","caller":"service/order.go:27","msg":"1"}
{"level":"info","ts":"2023-03-12 18:07:43.467839","caller":"global/db.go:53","msg":"数据库连接成功"}
{"level":"info","ts":"2023-03-12 18:07:43.468570","caller":"global/redis.go:40","msg":"redis连接成功"}
{"level":"info","ts":"2023-03-12 18:07:43.469169","caller":"order/main.go:37","msg":"grpc server is running at 127.0.0.1:8080 ..."}
{"level":"info","ts":"2023-03-12 18:07:47.130552","caller":"service/order.go:27","msg":"0"}
{"level":"info","ts":"2023-03-12 18:07:53.627093","caller":"service/order.go:27","msg":"1"}
{"level":"info","ts":"2023-03-12 18:08:01.241850","caller":"service/order.go:27","msg":"0"}
{"level":"info","ts":"2023-03-12 18:14:22.897453","caller":"global/db.go:53","msg":"数据库连接成功"}
{"level":"info","ts":"2023-03-12 18:14:22.898097","caller":"global/redis.go:40","msg":"redis连接成功"}
{"level":"info","ts":"2023-03-12 18:14:22.898554","caller":"order/main.go:37","msg":"grpc server is running at 127.0.0.1:8080 ..."}
{"level":"info","ts":"2023-03-12 18:14:26.553304","caller":"service/order.go:27","msg":"0"}
{"level":"info","ts":"2023-03-12 18:14:31.168048","caller":"service/order.go:27","msg":"1"}
{"level":"info","ts":"2023-03-12 18:17:47.479421","caller":"global/db.go:53","msg":"数据库连接成功"}
{"level":"info","ts":"2023-03-12 18:17:47.480363","caller":"global/redis.go:40","msg":"redis连接成功"}
{"level":"info","ts":"2023-03-12 18:17:47.480962","caller":"order/main.go:37","msg":"grpc server is running at 127.0.0.1:8080 ..."}
{"level":"info","ts":"2023-03-12 18:20:26.790570","caller":"global/db.go:53","msg":"数据库连接成功"}
{"level":"info","ts":"2023-03-12 18:20:26.791030","caller":"global/redis.go:40","msg":"redis连接成功"}
{"level":"info","ts":"2023-03-12 18:20:26.791354","caller":"order/main.go:47","msg":"grpc server is running at 127.0.0.1:8080 ..."}
{"level":"info","ts":"2023-03-12 18:25:54.904077","caller":"global/db.go:53","msg":"数据库连接成功"}
{"level":"info","ts":"2023-03-12 18:25:54.904730","caller":"global/redis.go:40","msg":"redis连接成功"}
{"level":"info","ts":"2023-03-12 18:25:54.905191","caller":"order/main.go:51","msg":"grpc server is running at 127.0.0.1:8080 ..."}
{"level":"info","ts":"2023-03-12 18:27:07.103474","caller":"global/db.go:53","msg":"数据库连接成功"}
{"level":"info","ts":"2023-03-12 18:27:07.103988","caller":"global/redis.go:40","msg":"redis连接成功"}
{"level":"info","ts":"2023-03-12 18:27:07.104347","caller":"order/main.go:52","msg":"grpc server is running at 127.0.0.1:8080 ..."}
{"level":"info","ts":"2023-03-12 18:27:50.236052","caller":"global/db.go:53","msg":"数据库连接成功"}
{"level":"info","ts":"2023-03-12 18:27:50.236673","caller":"global/redis.go:40","msg":"redis连接成功"}
{"level":"info","ts":"2023-03-12 18:27:50.237116","caller":"order/main.go:52","msg":"grpc server is running at 127.0.0.1:8080 ..."}
{"level":"info","ts":"2023-03-26 23:38:24.817484","caller":"global/db.go:53","msg":"数据库连接成功"}
{"level":"info","ts":"2023-03-26 23:38:24.821354","caller":"global/redis.go:40","msg":"redis连接成功"}
{"level":"info","ts":"2023-03-26 23:38:24.823287","caller":"order/main.go:52","msg":"grpc server is running at 127.0.0.1:8080 ..."}
{"level":"info","ts":"2023-03-26 23:50:01.388155","caller":"global/db.go:53","msg":"数据库连接成功"}
{"level":"info","ts":"2023-03-26 23:50:01.393800","caller":"global/redis.go:40","msg":"redis连接成功"}
{"level":"info","ts":"2023-03-27 00:00:09.612279","caller":"global/db.go:53","msg":"数据库连接成功"}
{"level":"info","ts":"2023-03-27 00:00:09.618436","caller":"global/redis.go:40","msg":"redis连接成功"}
{"level":"info","ts":"2023-03-27 00:00:39.721852","caller":"global/db.go:54","msg":"数据库连接成功"}
{"level":"info","ts":"2023-03-27 00:00:39.725562","caller":"global/redis.go:40","msg":"redis连接成功"}
{"level":"info","ts":"2023-03-27 00:01:16.451264","caller":"global/db.go:54","msg":"数据库连接成功"}
{"level":"info","ts":"2023-03-27 00:01:16.460827","caller":"global/redis.go:40","msg":"redis连接成功"}
{"level":"info","ts":"2023-04-09 21:24:14.723841","caller":"global/db.go:53","msg":"数据库连接成功"}
{"level":"info","ts":"2023-04-09 21:24:14.730960","caller":"global/redis.go:40","msg":"redis连接成功"}
{"level":"info","ts":"2023-04-09 21:24:14.746773","caller":"order/main.go:52","msg":"grpc server is running at 127.0.0.1:8080 ..."}
{"level":"info","ts":"2023-04-09 21:25:20.583483","caller":"global/db.go:53","msg":"数据库连接成功"}
{"level":"info","ts":"2023-04-09 21:25:20.586175","caller":"global/redis.go:40","msg":"redis连接成功"}
{"level":"info","ts":"2023-04-09 21:25:20.602981","caller":"order/main.go:52","msg":"grpc server is running at 127.0.0.1:8080 ..."}
{"level":"info","ts":"2023-04-09 21:38:57.156786","caller":"global/db.go:53","msg":"数据库连接成功"}
{"level":"info","ts":"2023-04-09 21:38:57.160802","caller":"global/redis.go:40","msg":"redis连接成功"}
{"level":"info","ts":"2023-04-09 21:38:57.181135","caller":"order/main.go:52","msg":"grpc server is running at 127.0.0.1:8080 ..."}
{"level":"info","ts":"2023-04-09 21:40:55.557831","caller":"service/order.go:126","msg":"orders%!(EXTRA []system.Order=[])"}
{"level":"info","ts":"2023-04-09 21:44:04.322319","caller":"global/db.go:53","msg":"数据库连接成功"}
{"level":"info","ts":"2023-04-09 21:44:04.327087","caller":"global/redis.go:40","msg":"redis连接成功"}
{"level":"info","ts":"2023-04-09 21:46:16.102075","caller":"global/db.go:53","msg":"数据库连接成功"}
{"level":"info","ts":"2023-04-09 21:46:16.107299","caller":"global/redis.go:40","msg":"redis连接成功"}
{"level":"info","ts":"2023-04-09 21:48:03.720173","caller":"global/db.go:53","msg":"数据库连接成功"}
{"level":"info","ts":"2023-04-09 21:48:03.724744","caller":"global/redis.go:40","msg":"redis连接成功"}
{"level":"info","ts":"2023-04-09 21:48:55.797193","caller":"global/db.go:53","msg":"数据库连接成功"}
{"level":"info","ts":"2023-04-09 21:48:55.802632","caller":"global/redis.go:40","msg":"redis连接成功"}
{"level":"info","ts":"2023-04-09 21:49:33.398708","caller":"global/db.go:53","msg":"数据库连接成功"}
{"level":"info","ts":"2023-04-09 21:49:33.402438","caller":"global/redis.go:40","msg":"redis连接成功"}
{"level":"info","ts":"2023-04-09 21:59:53.518393","caller":"global/db.go:53","msg":"数据库连接成功"}
{"level":"info","ts":"2023-04-09 21:59:53.527161","caller":"global/redis.go:40","msg":"redis连接成功"}
{"level":"info","ts":"2023-04-09 22:01:59.032689","caller":"global/db.go:53","msg":"数据库连接成功"}
{"level":"info","ts":"2023-04-09 22:01:59.041536","caller":"global/redis.go:40","msg":"redis连接成功"}
{"level":"info","ts":"2023-04-09 22:02:07.992184","caller":"global/db.go:53","msg":"数据库连接成功"}
{"level":"info","ts":"2023-04-09 22:02:08.004014","caller":"global/redis.go:40","msg":"redis连接成功"}
{"level":"info","ts":"2023-04-09 22:02:37.647060","caller":"global/db.go:53","msg":"数据库连接成功"}
{"level":"info","ts":"2023-04-09 22:02:37.673717","caller":"global/redis.go:40","msg":"redis连接成功"}
{"level":"info","ts":"2023-04-09 22:21:16.655015","caller":"global/db.go:53","msg":"数据库连接成功"}
{"level":"info","ts":"2023-04-09 22:21:16.660430","caller":"global/redis.go:40","msg":"redis连接成功"}
<<<<<<< HEAD
{"level":"info","ts":"2023-04-09 22:39:34.937373","caller":"global/db.go:53","msg":"数据库连接成功"}
{"level":"info","ts":"2023-04-09 22:39:34.944632","caller":"global/redis.go:40","msg":"redis连接成功"}
{"level":"info","ts":"2023-04-09 22:40:21.184292","caller":"global/db.go:53","msg":"数据库连接成功"}
{"level":"info","ts":"2023-04-09 22:40:21.184708","caller":"global/redis.go:40","msg":"redis连接成功"}
{"level":"info","ts":"2023-04-09 22:40:38.842452","caller":"global/db.go:53","msg":"数据库连接成功"}
{"level":"info","ts":"2023-04-09 22:40:38.847762","caller":"global/redis.go:40","msg":"redis连接成功"}
{"level":"info","ts":"2023-04-09 22:40:47.115295","caller":"global/db.go:53","msg":"数据库连接成功"}
{"level":"info","ts":"2023-04-09 22:40:47.121737","caller":"global/redis.go:40","msg":"redis连接成功"}
{"level":"info","ts":"2023-04-10 00:41:41.451142","caller":"global/db.go:53","msg":"数据库连接成功"}
{"level":"info","ts":"2023-04-10 00:41:41.458163","caller":"global/redis.go:40","msg":"redis连接成功"}
{"level":"info","ts":"2023-04-10 00:42:23.593752","caller":"global/db.go:53","msg":"数据库连接成功"}
{"level":"info","ts":"2023-04-10 00:42:23.597188","caller":"global/redis.go:40","msg":"redis连接成功"}
{"level":"info","ts":"2023-04-10 00:42:37.442442","caller":"global/db.go:53","msg":"数据库连接成功"}
{"level":"info","ts":"2023-04-10 00:42:37.445835","caller":"global/redis.go:40","msg":"redis连接成功"}
{"level":"info","ts":"2023-04-10 00:45:53.621311","caller":"global/db.go:53","msg":"数据库连接成功"}
{"level":"info","ts":"2023-04-10 00:45:53.626674","caller":"global/redis.go:40","msg":"redis连接成功"}
{"level":"info","ts":"2023-04-10 00:46:55.376143","caller":"global/db.go:53","msg":"数据库连接成功"}
{"level":"info","ts":"2023-04-10 00:46:55.382887","caller":"global/redis.go:40","msg":"redis连接成功"}
{"level":"info","ts":"2023-04-10 21:09:46.797686","caller":"global/db.go:53","msg":"数据库连接成功"}
{"level":"info","ts":"2023-04-10 21:09:46.803036","caller":"global/redis.go:40","msg":"redis连接成功"}
{"level":"info","ts":"2023-04-10 21:14:27.788940","caller":"global/db.go:54","msg":"数据库连接成功"}
{"level":"info","ts":"2023-04-10 21:14:27.792010","caller":"global/redis.go:40","msg":"redis连接成功"}
{"level":"info","ts":"2023-04-10 21:14:58.513532","caller":"global/db.go:39","msg":"url%!(EXTRA string=(root:root)@(172.29.32.1:3306)/order?charset=utf8&parseTime=true&loc=Local&timeout=10s)"}
{"level":"info","ts":"2023-04-10 21:14:58.528343","caller":"global/db.go:55","msg":"数据库连接成功"}
{"level":"info","ts":"2023-04-10 21:14:58.528566","caller":"global/redis.go:40","msg":"redis连接成功"}
{"level":"info","ts":"2023-04-10 21:15:51.840383","caller":"global/db.go:39","msg":"url(root:root)@(172.29.32.1:3306)/order?charset=utf8&parseTime=true&loc=Local&timeout=10s"}
{"level":"info","ts":"2023-04-10 21:15:51.848571","caller":"global/db.go:55","msg":"数据库连接成功"}
{"level":"info","ts":"2023-04-10 21:15:51.848842","caller":"global/redis.go:40","msg":"redis连接成功"}
{"level":"info","ts":"2023-04-10 21:16:35.758110","caller":"global/db.go:39","msg":"urlroot:root@(172.29.32.1:3306)/order?charset=utf8&parseTime=true&loc=Local&timeout=10s"}
{"level":"info","ts":"2023-04-10 21:16:35.773834","caller":"global/db.go:55","msg":"数据库连接成功"}
{"level":"info","ts":"2023-04-10 21:16:35.774092","caller":"global/redis.go:40","msg":"redis连接成功"}
{"level":"info","ts":"2023-04-10 21:37:03.552181","caller":"global/db.go:39","msg":"urlroot:root@(172.29.32.1:3306)/order?charset=utf8&parseTime=true&loc=Local&timeout=10s"}
{"level":"info","ts":"2023-04-10 21:37:03.562943","caller":"global/db.go:55","msg":"数据库连接成功"}
{"level":"info","ts":"2023-04-10 21:37:03.563174","caller":"global/redis.go:40","msg":"redis连接成功"}
{"level":"info","ts":"2023-04-10 21:37:03.574279","caller":"order/main.go:52","msg":"grpc server is running at 127.0.0.1:8080 ..."}
{"level":"info","ts":"2023-04-10 21:37:04.800545","caller":"service/order.go:46","msg":"收到创建订单的请求：platform_shop_id:\"7e033bd0-1989-4cc5-870f-f2f21b581136\"  is_pre_order:true  total:10  user_paid:10  discount_amount:10  platform_user_id:\"5e9c5d30-5746-495c-bc5d-aa840905b562\"  receiver:\"Hello\"  real_mobile:\"Hello\"  detail_address:\"Hello\"  user_remark:\"Hello\""}
{"level":"info","ts":"2023-04-10 21:37:04.806765","caller":"tools/amap.go:36","msg":"https://restapi.amap.com/v3/geocode/geo?address=Hello&key=a8048b58a245ca4328c9cd4c095cc660"}
{"level":"info","ts":"2023-04-10 21:37:51.925054","caller":"global/db.go:54","msg":"数据库连接成功"}
{"level":"info","ts":"2023-04-10 21:37:51.933244","caller":"global/redis.go:40","msg":"redis连接成功"}
{"level":"info","ts":"2023-04-10 21:40:54.374601","caller":"global/db.go:54","msg":"数据库连接成功"}
{"level":"info","ts":"2023-04-10 21:40:54.382499","caller":"global/redis.go:40","msg":"redis连接成功"}
{"level":"info","ts":"2023-04-10 21:40:54.395187","caller":"order/main.go:52","msg":"grpc server is running at 127.0.0.1:8080 ..."}
{"level":"info","ts":"2023-04-10 21:41:01.137866","caller":"service/order.go:46","msg":"收到创建订单的请求：platform_shop_id:\"7e033bd0-1989-4cc5-870f-f2f21b581136\"  is_pre_order:true  total:10  user_paid:10  discount_amount:10  platform_user_id:\"5e9c5d30-5746-495c-bc5d-aa840905b562\"  receiver:\"Hello\"  real_mobile:\"Hello\"  detail_address:\"Hello\"  user_remark:\"Hello\""}
{"level":"info","ts":"2023-04-10 21:41:16.765174","caller":"service/order.go:126","msg":"orders%!(EXTRA []system.Order=[{{1 2023-04-10 21:37:04.977 +0800 CST 2023-04-10 21:37:04.977 +0800 CST false} 13079883764731904 0   0 0 10 待确认 2023-04-10 21:37:04.976 +0800 CST 2023-04-10 21:42:04.976 +0800 CST 1970-01-01 08:00:00 +0800 CST 1970-01-01 08:00:00 +0800 CST  1970-01-01 08:00:00 +0800 CST 2023-04-10 22:37:04.976 +0800 CST false 10 10 10 0 0 0 0 0 0 0 0 0 13079883764740096 Hello Hello   湖南省 衡阳市 石鼓区 Hello Hello 112.608424 26.899013 Hello  false  0 0 0  false  0 }])"}
{"level":"info","ts":"2023-04-10 21:51:48.218860","caller":"global/db.go:54","msg":"数据库连接成功"}
{"level":"info","ts":"2023-04-10 21:51:48.227298","caller":"global/redis.go:40","msg":"redis连接成功"}
{"level":"info","ts":"2023-04-10 21:51:48.244123","caller":"order/main.go:52","msg":"grpc server is running at 127.0.0.1:8080 ..."}
{"level":"info","ts":"2023-04-10 21:51:53.002669","caller":"service/order.go:129","msg":"errunsupported data type: 0xc000396478: Table not set, please set it like: db.Model(&user) or db.Table(\"users\")"}
{"level":"info","ts":"2023-04-10 22:09:06.524015","caller":"global/db.go:54","msg":"数据库连接成功"}
{"level":"info","ts":"2023-04-10 22:09:06.530741","caller":"global/redis.go:40","msg":"redis连接成功"}
{"level":"info","ts":"2023-04-10 22:09:06.544827","caller":"order/main.go:52","msg":"grpc server is running at 127.0.0.1:8080 ..."}
{"level":"info","ts":"2023-04-10 22:09:15.763002","caller":"service/order.go:135","msg":"err<nil>"}
{"level":"info","ts":"2023-04-10 22:09:18.565070","caller":"service/order.go:135","msg":"err<nil>"}
{"level":"info","ts":"2023-04-10 22:10:16.761471","caller":"service/order.go:135","msg":"err<nil>"}
{"level":"info","ts":"2023-04-10 22:10:24.040629","caller":"service/order.go:48","msg":"收到创建订单的请求：platform_shop_id:\"bb973b0c-77e4-44cb-b91e-46cfd7a25081\" is_pre_order:true total:10 user_paid:10 discount_amount:10 platform_user_id:\"53441710-3e9d-4393-8e20-20457dc7f495\" receiver:\"Hello\" real_mobile:\"Hello\" detail_address:\"Hello\" user_remark:\"Hello\""}
{"level":"info","ts":"2023-04-10 22:17:59.155461","caller":"global/db.go:54","msg":"数据库连接成功"}
{"level":"info","ts":"2023-04-10 22:17:59.160452","caller":"global/redis.go:40","msg":"redis连接成功"}
{"level":"info","ts":"2023-04-10 22:20:39.286066","caller":"global/db.go:54","msg":"数据库连接成功"}
{"level":"info","ts":"2023-04-10 22:20:39.292282","caller":"global/redis.go:40","msg":"redis连接成功"}
{"level":"info","ts":"2023-04-10 22:22:28.243824","caller":"global/db.go:54","msg":"数据库连接成功"}
{"level":"info","ts":"2023-04-10 22:22:28.253902","caller":"global/redis.go:40","msg":"redis连接成功"}
{"level":"info","ts":"2023-04-10 22:27:49.826109","caller":"global/db.go:54","msg":"数据库连接成功"}
{"level":"info","ts":"2023-04-10 22:27:49.831851","caller":"global/redis.go:40","msg":"redis连接成功"}
{"level":"info","ts":"2023-04-10 22:28:10.220309","caller":"global/db.go:54","msg":"数据库连接成功"}
{"level":"info","ts":"2023-04-10 22:28:10.223104","caller":"global/redis.go:40","msg":"redis连接成功"}
{"level":"info","ts":"2023-04-10 22:28:10.236412","caller":"order/main.go:52","msg":"grpc server is running at 127.0.0.1:8080 ..."}
=======
{"level":"info","ts":"2023-04-09 23:15:48.669445","caller":"global/db.go:53","msg":"数据库连接成功"}
{"level":"info","ts":"2023-04-09 23:15:48.670022","caller":"global/redis.go:40","msg":"redis连接成功"}
{"level":"info","ts":"2023-04-09 23:15:48.672869","caller":"order/main.go:52","msg":"grpc server is running at 127.0.0.1:8080 ..."}
{"level":"info","ts":"2023-04-09 23:15:57.681956","caller":"service/order.go:126","msg":"orders%!(EXTRA []system.Order=[{{6 2023-03-12 18:04:59.213 +0800 CST 2023-03-12 18:04:59.213 +0800 CST false} 2517259939508224 1 d0db3c70-f94d-4d79-9b4b-d29af2d9b388  0 0 10 待接单 2023-03-12 18:04:59.212 +0800 CST 2023-03-12 18:09:59.212 +0800 CST 1970-01-01 08:00:00 +0800 CST 1970-01-01 08:00:00 +0800 CST  1970-01-01 08:00:00 +0800 CST 2023-03-12 19:04:59.212 +0800 CST false 10 10 10 0 0 0 0 0 0 0 0 0 2517259939487744 Hello Hello   湖南省 衡阳市 石鼓区 Hello Hello 112.608424 26.899013 Hello  false  0 0 0  false  0 } {{5 2023-03-12 18:03:44.542 +0800 CST 2023-03-12 18:03:44.542 +0800 CST false} 2516946734063616 1 d0db3c70-f94d-4d79-9b4b-d29af2d9b388  0 0 10 待接单 2023-03-12 18:03:44.538 +0800 CST 2023-03-12 18:08:44.538 +0800 CST 1970-01-01 08:00:00 +0800 CST 1970-01-01 08:00:00 +0800 CST  1970-01-01 08:00:00 +0800 CST 2023-03-12 19:03:44.538 +0800 CST false 10 10 10 0 0 0 0 0 0 0 0 0 2516946734047232 Hello Hello   湖南省 衡阳市 石鼓区 Hello Hello 112.608424 26.899013 Hello  false  0 0 0  false  0 } {{4 2023-03-05 19:56:56.325 +0800 CST 2023-03-05 19:56:56.325 +0800 CST false} 8718490025984 1 d0db3c70-f94d-4d79-9b4b-d29af2d9b388  0 0 10 待接单 2023-03-05 19:56:56.324 +0800 CST 2023-03-05 20:01:56.324 +0800 CST 1970-01-01 08:00:00 +0800 CST 1970-01-01 08:00:00 +0800 CST  1970-01-01 08:00:00 +0800 CST 2023-03-05 20:56:56.324 +0800 CST false 10 10 10 0 0 0 0 0 0 0 0 0 8718490013696 Hello Hello   湖南省 衡阳市 石鼓区 Hello Hello 112.608424 26.899013 Hello  false  0 0 0  false  0 } {{3 2023-03-05 19:55:11.405 +0800 CST 2023-03-05 19:55:11.405 +0800 CST false} 8278419460096 1 d0db3c70-f94d-4d79-9b4b-d29af2d9b388  0 0 10 待接单 2023-03-05 19:55:11.403 +0800 CST 2023-03-05 20:00:11.403 +0800 CST 1970-01-01 08:00:00 +0800 CST 1970-01-01 08:00:00 +0800 CST  1970-01-01 08:00:00 +0800 CST 2023-03-05 20:55:11.403 +0800 CST false 10 10 10 0 0 0 0 0 0 0 0 0 8278419464192 Hello Hello   湖南省 衡阳市 石鼓区 Hello Hello 112.608424 26.899013 Hello  false  0 0 0  false  0 } {{2 2023-03-05 19:52:17.114 +0800 CST 2023-03-05 19:52:17.114 +0800 CST false} 7547390005248 1 d0db3c70-f94d-4d79-9b4b-d29af2d9b388  0 0 10 待接单 2023-03-05 19:52:17.112 +0800 CST 2023-03-05 19:57:17.112 +0800 CST 1970-01-01 08:00:00 +0800 CST 1970-01-01 08:00:00 +0800 CST  1970-01-01 08:00:00 +0800 CST 2023-03-05 20:52:17.112 +0800 CST false 10 10 10 0 0 0 0 0 0 0 0 0 7547390013440 Hello Hello   湖南省 衡阳市 石鼓区 Hello Hello 112.608424 26.899013 Hello  false  0 0 0  false  0 } {{1 2023-03-05 17:53:30 +0800 CST 2023-03-05 17:53:31 +0800 CST false} 4996264446745259237 1 32267802632 测试门店 1 2 70 已完成 2023-03-05 17:56:07 +0800 CST 2023-03-05 17:56:09 +0800 CST 2023-03-05 17:56:10 +0800 CST 2023-03-05 17:56:14 +0800 CST '' 2023-03-05 17:56:23 +0800 CST 2023-03-05 17:56:24 +0800 CST false 0 0 0 0 0 0 0 0 0 0 0 0         '' ''   '' '' false  0 0 0  false  0 }])"}
{"level":"info","ts":"2023-04-09 23:16:24.794721","caller":"service/order.go:126","msg":"orders%!(EXTRA []system.Order=[{{6 2023-03-12 18:04:59.213 +0800 CST 2023-03-12 18:04:59.213 +0800 CST false} 2517259939508224 1 d0db3c70-f94d-4d79-9b4b-d29af2d9b388  0 0 10 待接单 2023-03-12 18:04:59.212 +0800 CST 2023-03-12 18:09:59.212 +0800 CST 1970-01-01 08:00:00 +0800 CST 1970-01-01 08:00:00 +0800 CST  1970-01-01 08:00:00 +0800 CST 2023-03-12 19:04:59.212 +0800 CST false 10 10 10 0 0 0 0 0 0 0 0 0 2517259939487744 Hello Hello   湖南省 衡阳市 石鼓区 Hello Hello 112.608424 26.899013 Hello  false  0 0 0  false  0 } {{5 2023-03-12 18:03:44.542 +0800 CST 2023-03-12 18:03:44.542 +0800 CST false} 2516946734063616 1 d0db3c70-f94d-4d79-9b4b-d29af2d9b388  0 0 10 待接单 2023-03-12 18:03:44.538 +0800 CST 2023-03-12 18:08:44.538 +0800 CST 1970-01-01 08:00:00 +0800 CST 1970-01-01 08:00:00 +0800 CST  1970-01-01 08:00:00 +0800 CST 2023-03-12 19:03:44.538 +0800 CST false 10 10 10 0 0 0 0 0 0 0 0 0 2516946734047232 Hello Hello   湖南省 衡阳市 石鼓区 Hello Hello 112.608424 26.899013 Hello  false  0 0 0  false  0 } {{4 2023-03-05 19:56:56.325 +0800 CST 2023-03-05 19:56:56.325 +0800 CST false} 8718490025984 1 d0db3c70-f94d-4d79-9b4b-d29af2d9b388  0 0 10 待接单 2023-03-05 19:56:56.324 +0800 CST 2023-03-05 20:01:56.324 +0800 CST 1970-01-01 08:00:00 +0800 CST 1970-01-01 08:00:00 +0800 CST  1970-01-01 08:00:00 +0800 CST 2023-03-05 20:56:56.324 +0800 CST false 10 10 10 0 0 0 0 0 0 0 0 0 8718490013696 Hello Hello   湖南省 衡阳市 石鼓区 Hello Hello 112.608424 26.899013 Hello  false  0 0 0  false  0 } {{3 2023-03-05 19:55:11.405 +0800 CST 2023-03-05 19:55:11.405 +0800 CST false} 8278419460096 1 d0db3c70-f94d-4d79-9b4b-d29af2d9b388  0 0 10 待接单 2023-03-05 19:55:11.403 +0800 CST 2023-03-05 20:00:11.403 +0800 CST 1970-01-01 08:00:00 +0800 CST 1970-01-01 08:00:00 +0800 CST  1970-01-01 08:00:00 +0800 CST 2023-03-05 20:55:11.403 +0800 CST false 10 10 10 0 0 0 0 0 0 0 0 0 8278419464192 Hello Hello   湖南省 衡阳市 石鼓区 Hello Hello 112.608424 26.899013 Hello  false  0 0 0  false  0 } {{2 2023-03-05 19:52:17.114 +0800 CST 2023-03-05 19:52:17.114 +0800 CST false} 7547390005248 1 d0db3c70-f94d-4d79-9b4b-d29af2d9b388  0 0 10 待接单 2023-03-05 19:52:17.112 +0800 CST 2023-03-05 19:57:17.112 +0800 CST 1970-01-01 08:00:00 +0800 CST 1970-01-01 08:00:00 +0800 CST  1970-01-01 08:00:00 +0800 CST 2023-03-05 20:52:17.112 +0800 CST false 10 10 10 0 0 0 0 0 0 0 0 0 7547390013440 Hello Hello   湖南省 衡阳市 石鼓区 Hello Hello 112.608424 26.899013 Hello  false  0 0 0  false  0 } {{1 2023-03-05 17:53:30 +0800 CST 2023-03-05 17:53:31 +0800 CST false} 4996264446745259237 1 32267802632 测试门店 1 2 70 已完成 2023-03-05 17:56:07 +0800 CST 2023-03-05 17:56:09 +0800 CST 2023-03-05 17:56:10 +0800 CST 2023-03-05 17:56:14 +0800 CST '' 2023-03-05 17:56:23 +0800 CST 2023-03-05 17:56:24 +0800 CST false 0 0 0 0 0 0 0 0 0 0 0 0         '' ''   '' '' false  0 0 0  false  0 }])"}
{"level":"info","ts":"2023-04-09 23:17:07.644862","caller":"global/db.go:53","msg":"数据库连接成功"}
{"level":"info","ts":"2023-04-09 23:17:07.645635","caller":"global/redis.go:40","msg":"redis连接成功"}
{"level":"info","ts":"2023-04-09 23:17:07.650002","caller":"order/main.go:52","msg":"grpc server is running at 127.0.0.1:8080 ..."}
{"level":"info","ts":"2023-04-09 23:17:08.614983","caller":"service/order.go:126","msg":"orders%!(EXTRA []system.Order=[{{6 2023-03-12 18:04:59.213 +0800 CST 2023-03-12 18:04:59.213 +0800 CST false} 2517259939508224 1 d0db3c70-f94d-4d79-9b4b-d29af2d9b388  0 0 10 待接单 2023-03-12 18:04:59.212 +0800 CST 2023-03-12 18:09:59.212 +0800 CST 1970-01-01 08:00:00 +0800 CST 1970-01-01 08:00:00 +0800 CST  1970-01-01 08:00:00 +0800 CST 2023-03-12 19:04:59.212 +0800 CST false 10 10 10 0 0 0 0 0 0 0 0 0 2517259939487744 Hello Hello   湖南省 衡阳市 石鼓区 Hello Hello 112.608424 26.899013 Hello  false  0 0 0  false  0 } {{5 2023-03-12 18:03:44.542 +0800 CST 2023-03-12 18:03:44.542 +0800 CST false} 2516946734063616 1 d0db3c70-f94d-4d79-9b4b-d29af2d9b388  0 0 10 待接单 2023-03-12 18:03:44.538 +0800 CST 2023-03-12 18:08:44.538 +0800 CST 1970-01-01 08:00:00 +0800 CST 1970-01-01 08:00:00 +0800 CST  1970-01-01 08:00:00 +0800 CST 2023-03-12 19:03:44.538 +0800 CST false 10 10 10 0 0 0 0 0 0 0 0 0 2516946734047232 Hello Hello   湖南省 衡阳市 石鼓区 Hello Hello 112.608424 26.899013 Hello  false  0 0 0  false  0 } {{4 2023-03-05 19:56:56.325 +0800 CST 2023-03-05 19:56:56.325 +0800 CST false} 8718490025984 1 d0db3c70-f94d-4d79-9b4b-d29af2d9b388  0 0 10 待接单 2023-03-05 19:56:56.324 +0800 CST 2023-03-05 20:01:56.324 +0800 CST 1970-01-01 08:00:00 +0800 CST 1970-01-01 08:00:00 +0800 CST  1970-01-01 08:00:00 +0800 CST 2023-03-05 20:56:56.324 +0800 CST false 10 10 10 0 0 0 0 0 0 0 0 0 8718490013696 Hello Hello   湖南省 衡阳市 石鼓区 Hello Hello 112.608424 26.899013 Hello  false  0 0 0  false  0 } {{3 2023-03-05 19:55:11.405 +0800 CST 2023-03-05 19:55:11.405 +0800 CST false} 8278419460096 1 d0db3c70-f94d-4d79-9b4b-d29af2d9b388  0 0 10 待接单 2023-03-05 19:55:11.403 +0800 CST 2023-03-05 20:00:11.403 +0800 CST 1970-01-01 08:00:00 +0800 CST 1970-01-01 08:00:00 +0800 CST  1970-01-01 08:00:00 +0800 CST 2023-03-05 20:55:11.403 +0800 CST false 10 10 10 0 0 0 0 0 0 0 0 0 8278419464192 Hello Hello   湖南省 衡阳市 石鼓区 Hello Hello 112.608424 26.899013 Hello  false  0 0 0  false  0 } {{2 2023-03-05 19:52:17.114 +0800 CST 2023-03-05 19:52:17.114 +0800 CST false} 7547390005248 1 d0db3c70-f94d-4d79-9b4b-d29af2d9b388  0 0 10 待接单 2023-03-05 19:52:17.112 +0800 CST 2023-03-05 19:57:17.112 +0800 CST 1970-01-01 08:00:00 +0800 CST 1970-01-01 08:00:00 +0800 CST  1970-01-01 08:00:00 +0800 CST 2023-03-05 20:52:17.112 +0800 CST false 10 10 10 0 0 0 0 0 0 0 0 0 7547390013440 Hello Hello   湖南省 衡阳市 石鼓区 Hello Hello 112.608424 26.899013 Hello  false  0 0 0  false  0 } {{1 2023-03-05 17:53:30 +0800 CST 2023-03-05 17:53:31 +0800 CST false} 4996264446745259237 1 32267802632 测试门店 1 2 70 已完成 2023-03-05 17:56:07 +0800 CST 2023-03-05 17:56:09 +0800 CST 2023-03-05 17:56:10 +0800 CST 2023-03-05 17:56:14 +0800 CST '' 2023-03-05 17:56:23 +0800 CST 2023-03-05 17:56:24 +0800 CST false 0 0 0 0 0 0 0 0 0 0 0 0         '' ''   '' '' false  0 0 0  false  0 }])"}
{"level":"info","ts":"2023-04-09 23:17:08.616139","caller":"service/order.go:143","msg":"test0"}
{"level":"info","ts":"2023-04-09 23:17:09.822911","caller":"service/order.go:126","msg":"orders%!(EXTRA []system.Order=[{{6 2023-03-12 18:04:59.213 +0800 CST 2023-03-12 18:04:59.213 +0800 CST false} 2517259939508224 1 d0db3c70-f94d-4d79-9b4b-d29af2d9b388  0 0 10 待接单 2023-03-12 18:04:59.212 +0800 CST 2023-03-12 18:09:59.212 +0800 CST 1970-01-01 08:00:00 +0800 CST 1970-01-01 08:00:00 +0800 CST  1970-01-01 08:00:00 +0800 CST 2023-03-12 19:04:59.212 +0800 CST false 10 10 10 0 0 0 0 0 0 0 0 0 2517259939487744 Hello Hello   湖南省 衡阳市 石鼓区 Hello Hello 112.608424 26.899013 Hello  false  0 0 0  false  0 } {{5 2023-03-12 18:03:44.542 +0800 CST 2023-03-12 18:03:44.542 +0800 CST false} 2516946734063616 1 d0db3c70-f94d-4d79-9b4b-d29af2d9b388  0 0 10 待接单 2023-03-12 18:03:44.538 +0800 CST 2023-03-12 18:08:44.538 +0800 CST 1970-01-01 08:00:00 +0800 CST 1970-01-01 08:00:00 +0800 CST  1970-01-01 08:00:00 +0800 CST 2023-03-12 19:03:44.538 +0800 CST false 10 10 10 0 0 0 0 0 0 0 0 0 2516946734047232 Hello Hello   湖南省 衡阳市 石鼓区 Hello Hello 112.608424 26.899013 Hello  false  0 0 0  false  0 } {{4 2023-03-05 19:56:56.325 +0800 CST 2023-03-05 19:56:56.325 +0800 CST false} 8718490025984 1 d0db3c70-f94d-4d79-9b4b-d29af2d9b388  0 0 10 待接单 2023-03-05 19:56:56.324 +0800 CST 2023-03-05 20:01:56.324 +0800 CST 1970-01-01 08:00:00 +0800 CST 1970-01-01 08:00:00 +0800 CST  1970-01-01 08:00:00 +0800 CST 2023-03-05 20:56:56.324 +0800 CST false 10 10 10 0 0 0 0 0 0 0 0 0 8718490013696 Hello Hello   湖南省 衡阳市 石鼓区 Hello Hello 112.608424 26.899013 Hello  false  0 0 0  false  0 } {{3 2023-03-05 19:55:11.405 +0800 CST 2023-03-05 19:55:11.405 +0800 CST false} 8278419460096 1 d0db3c70-f94d-4d79-9b4b-d29af2d9b388  0 0 10 待接单 2023-03-05 19:55:11.403 +0800 CST 2023-03-05 20:00:11.403 +0800 CST 1970-01-01 08:00:00 +0800 CST 1970-01-01 08:00:00 +0800 CST  1970-01-01 08:00:00 +0800 CST 2023-03-05 20:55:11.403 +0800 CST false 10 10 10 0 0 0 0 0 0 0 0 0 8278419464192 Hello Hello   湖南省 衡阳市 石鼓区 Hello Hello 112.608424 26.899013 Hello  false  0 0 0  false  0 } {{2 2023-03-05 19:52:17.114 +0800 CST 2023-03-05 19:52:17.114 +0800 CST false} 7547390005248 1 d0db3c70-f94d-4d79-9b4b-d29af2d9b388  0 0 10 待接单 2023-03-05 19:52:17.112 +0800 CST 2023-03-05 19:57:17.112 +0800 CST 1970-01-01 08:00:00 +0800 CST 1970-01-01 08:00:00 +0800 CST  1970-01-01 08:00:00 +0800 CST 2023-03-05 20:52:17.112 +0800 CST false 10 10 10 0 0 0 0 0 0 0 0 0 7547390013440 Hello Hello   湖南省 衡阳市 石鼓区 Hello Hello 112.608424 26.899013 Hello  false  0 0 0  false  0 } {{1 2023-03-05 17:53:30 +0800 CST 2023-03-05 17:53:31 +0800 CST false} 4996264446745259237 1 32267802632 测试门店 1 2 70 已完成 2023-03-05 17:56:07 +0800 CST 2023-03-05 17:56:09 +0800 CST 2023-03-05 17:56:10 +0800 CST 2023-03-05 17:56:14 +0800 CST '' 2023-03-05 17:56:23 +0800 CST 2023-03-05 17:56:24 +0800 CST false 0 0 0 0 0 0 0 0 0 0 0 0         '' ''   '' '' false  0 0 0  false  0 }])"}
{"level":"info","ts":"2023-04-09 23:17:09.823699","caller":"service/order.go:143","msg":"test0"}
{"level":"info","ts":"2023-04-09 23:17:10.519616","caller":"service/order.go:126","msg":"orders%!(EXTRA []system.Order=[{{6 2023-03-12 18:04:59.213 +0800 CST 2023-03-12 18:04:59.213 +0800 CST false} 2517259939508224 1 d0db3c70-f94d-4d79-9b4b-d29af2d9b388  0 0 10 待接单 2023-03-12 18:04:59.212 +0800 CST 2023-03-12 18:09:59.212 +0800 CST 1970-01-01 08:00:00 +0800 CST 1970-01-01 08:00:00 +0800 CST  1970-01-01 08:00:00 +0800 CST 2023-03-12 19:04:59.212 +0800 CST false 10 10 10 0 0 0 0 0 0 0 0 0 2517259939487744 Hello Hello   湖南省 衡阳市 石鼓区 Hello Hello 112.608424 26.899013 Hello  false  0 0 0  false  0 } {{5 2023-03-12 18:03:44.542 +0800 CST 2023-03-12 18:03:44.542 +0800 CST false} 2516946734063616 1 d0db3c70-f94d-4d79-9b4b-d29af2d9b388  0 0 10 待接单 2023-03-12 18:03:44.538 +0800 CST 2023-03-12 18:08:44.538 +0800 CST 1970-01-01 08:00:00 +0800 CST 1970-01-01 08:00:00 +0800 CST  1970-01-01 08:00:00 +0800 CST 2023-03-12 19:03:44.538 +0800 CST false 10 10 10 0 0 0 0 0 0 0 0 0 2516946734047232 Hello Hello   湖南省 衡阳市 石鼓区 Hello Hello 112.608424 26.899013 Hello  false  0 0 0  false  0 } {{4 2023-03-05 19:56:56.325 +0800 CST 2023-03-05 19:56:56.325 +0800 CST false} 8718490025984 1 d0db3c70-f94d-4d79-9b4b-d29af2d9b388  0 0 10 待接单 2023-03-05 19:56:56.324 +0800 CST 2023-03-05 20:01:56.324 +0800 CST 1970-01-01 08:00:00 +0800 CST 1970-01-01 08:00:00 +0800 CST  1970-01-01 08:00:00 +0800 CST 2023-03-05 20:56:56.324 +0800 CST false 10 10 10 0 0 0 0 0 0 0 0 0 8718490013696 Hello Hello   湖南省 衡阳市 石鼓区 Hello Hello 112.608424 26.899013 Hello  false  0 0 0  false  0 } {{3 2023-03-05 19:55:11.405 +0800 CST 2023-03-05 19:55:11.405 +0800 CST false} 8278419460096 1 d0db3c70-f94d-4d79-9b4b-d29af2d9b388  0 0 10 待接单 2023-03-05 19:55:11.403 +0800 CST 2023-03-05 20:00:11.403 +0800 CST 1970-01-01 08:00:00 +0800 CST 1970-01-01 08:00:00 +0800 CST  1970-01-01 08:00:00 +0800 CST 2023-03-05 20:55:11.403 +0800 CST false 10 10 10 0 0 0 0 0 0 0 0 0 8278419464192 Hello Hello   湖南省 衡阳市 石鼓区 Hello Hello 112.608424 26.899013 Hello  false  0 0 0  false  0 } {{2 2023-03-05 19:52:17.114 +0800 CST 2023-03-05 19:52:17.114 +0800 CST false} 7547390005248 1 d0db3c70-f94d-4d79-9b4b-d29af2d9b388  0 0 10 待接单 2023-03-05 19:52:17.112 +0800 CST 2023-03-05 19:57:17.112 +0800 CST 1970-01-01 08:00:00 +0800 CST 1970-01-01 08:00:00 +0800 CST  1970-01-01 08:00:00 +0800 CST 2023-03-05 20:52:17.112 +0800 CST false 10 10 10 0 0 0 0 0 0 0 0 0 7547390013440 Hello Hello   湖南省 衡阳市 石鼓区 Hello Hello 112.608424 26.899013 Hello  false  0 0 0  false  0 } {{1 2023-03-05 17:53:30 +0800 CST 2023-03-05 17:53:31 +0800 CST false} 4996264446745259237 1 32267802632 测试门店 1 2 70 已完成 2023-03-05 17:56:07 +0800 CST 2023-03-05 17:56:09 +0800 CST 2023-03-05 17:56:10 +0800 CST 2023-03-05 17:56:14 +0800 CST '' 2023-03-05 17:56:23 +0800 CST 2023-03-05 17:56:24 +0800 CST false 0 0 0 0 0 0 0 0 0 0 0 0         '' ''   '' '' false  0 0 0  false  0 }])"}
{"level":"info","ts":"2023-04-09 23:17:10.520661","caller":"service/order.go:143","msg":"test0"}
{"level":"info","ts":"2023-04-09 23:17:14.281338","caller":"service/order.go:126","msg":"orders%!(EXTRA []system.Order=[{{6 2023-03-12 18:04:59.213 +0800 CST 2023-03-12 18:04:59.213 +0800 CST false} 2517259939508224 1 d0db3c70-f94d-4d79-9b4b-d29af2d9b388  0 0 10 待接单 2023-03-12 18:04:59.212 +0800 CST 2023-03-12 18:09:59.212 +0800 CST 1970-01-01 08:00:00 +0800 CST 1970-01-01 08:00:00 +0800 CST  1970-01-01 08:00:00 +0800 CST 2023-03-12 19:04:59.212 +0800 CST false 10 10 10 0 0 0 0 0 0 0 0 0 2517259939487744 Hello Hello   湖南省 衡阳市 石鼓区 Hello Hello 112.608424 26.899013 Hello  false  0 0 0  false  0 } {{5 2023-03-12 18:03:44.542 +0800 CST 2023-03-12 18:03:44.542 +0800 CST false} 2516946734063616 1 d0db3c70-f94d-4d79-9b4b-d29af2d9b388  0 0 10 待接单 2023-03-12 18:03:44.538 +0800 CST 2023-03-12 18:08:44.538 +0800 CST 1970-01-01 08:00:00 +0800 CST 1970-01-01 08:00:00 +0800 CST  1970-01-01 08:00:00 +0800 CST 2023-03-12 19:03:44.538 +0800 CST false 10 10 10 0 0 0 0 0 0 0 0 0 2516946734047232 Hello Hello   湖南省 衡阳市 石鼓区 Hello Hello 112.608424 26.899013 Hello  false  0 0 0  false  0 } {{4 2023-03-05 19:56:56.325 +0800 CST 2023-03-05 19:56:56.325 +0800 CST false} 8718490025984 1 d0db3c70-f94d-4d79-9b4b-d29af2d9b388  0 0 10 待接单 2023-03-05 19:56:56.324 +0800 CST 2023-03-05 20:01:56.324 +0800 CST 1970-01-01 08:00:00 +0800 CST 1970-01-01 08:00:00 +0800 CST  1970-01-01 08:00:00 +0800 CST 2023-03-05 20:56:56.324 +0800 CST false 10 10 10 0 0 0 0 0 0 0 0 0 8718490013696 Hello Hello   湖南省 衡阳市 石鼓区 Hello Hello 112.608424 26.899013 Hello  false  0 0 0  false  0 } {{3 2023-03-05 19:55:11.405 +0800 CST 2023-03-05 19:55:11.405 +0800 CST false} 8278419460096 1 d0db3c70-f94d-4d79-9b4b-d29af2d9b388  0 0 10 待接单 2023-03-05 19:55:11.403 +0800 CST 2023-03-05 20:00:11.403 +0800 CST 1970-01-01 08:00:00 +0800 CST 1970-01-01 08:00:00 +0800 CST  1970-01-01 08:00:00 +0800 CST 2023-03-05 20:55:11.403 +0800 CST false 10 10 10 0 0 0 0 0 0 0 0 0 8278419464192 Hello Hello   湖南省 衡阳市 石鼓区 Hello Hello 112.608424 26.899013 Hello  false  0 0 0  false  0 } {{2 2023-03-05 19:52:17.114 +0800 CST 2023-03-05 19:52:17.114 +0800 CST false} 7547390005248 1 d0db3c70-f94d-4d79-9b4b-d29af2d9b388  0 0 10 待接单 2023-03-05 19:52:17.112 +0800 CST 2023-03-05 19:57:17.112 +0800 CST 1970-01-01 08:00:00 +0800 CST 1970-01-01 08:00:00 +0800 CST  1970-01-01 08:00:00 +0800 CST 2023-03-05 20:52:17.112 +0800 CST false 10 10 10 0 0 0 0 0 0 0 0 0 7547390013440 Hello Hello   湖南省 衡阳市 石鼓区 Hello Hello 112.608424 26.899013 Hello  false  0 0 0  false  0 } {{1 2023-03-05 17:53:30 +0800 CST 2023-03-05 17:53:31 +0800 CST false} 4996264446745259237 1 32267802632 测试门店 1 2 70 已完成 2023-03-05 17:56:07 +0800 CST 2023-03-05 17:56:09 +0800 CST 2023-03-05 17:56:10 +0800 CST 2023-03-05 17:56:14 +0800 CST '' 2023-03-05 17:56:23 +0800 CST 2023-03-05 17:56:24 +0800 CST false 0 0 0 0 0 0 0 0 0 0 0 0         '' ''   '' '' false  0 0 0  false  0 }])"}
{"level":"info","ts":"2023-04-09 23:17:14.282227","caller":"service/order.go:143","msg":"test0"}
{"level":"info","ts":"2023-04-09 23:29:55.040098","caller":"global/db.go:53","msg":"数据库连接成功"}
{"level":"info","ts":"2023-04-09 23:29:55.040676","caller":"global/redis.go:40","msg":"redis连接成功"}
{"level":"info","ts":"2023-04-09 23:29:55.044204","caller":"order/main.go:52","msg":"grpc server is running at 127.0.0.1:8080 ..."}
{"level":"info","ts":"2023-04-09 23:29:57.955072","caller":"service/order.go:126","msg":"orders%!(EXTRA []system.Order=[{{6 2023-03-12 18:04:59.213 +0800 CST 2023-03-12 18:04:59.213 +0800 CST false} 2517259939508224 1 d0db3c70-f94d-4d79-9b4b-d29af2d9b388  0 0 10 待接单 2023-03-12 18:04:59.212 +0800 CST 2023-03-12 18:09:59.212 +0800 CST 1970-01-01 08:00:00 +0800 CST 1970-01-01 08:00:00 +0800 CST  1970-01-01 08:00:00 +0800 CST 2023-03-12 19:04:59.212 +0800 CST false 10 10 10 0 0 0 0 0 0 0 0 0 2517259939487744 Hello Hello   湖南省 衡阳市 石鼓区 Hello Hello 112.608424 26.899013 Hello  false  0 0 0  false  0 } {{5 2023-03-12 18:03:44.542 +0800 CST 2023-03-12 18:03:44.542 +0800 CST false} 2516946734063616 1 d0db3c70-f94d-4d79-9b4b-d29af2d9b388  0 0 10 待接单 2023-03-12 18:03:44.538 +0800 CST 2023-03-12 18:08:44.538 +0800 CST 1970-01-01 08:00:00 +0800 CST 1970-01-01 08:00:00 +0800 CST  1970-01-01 08:00:00 +0800 CST 2023-03-12 19:03:44.538 +0800 CST false 10 10 10 0 0 0 0 0 0 0 0 0 2516946734047232 Hello Hello   湖南省 衡阳市 石鼓区 Hello Hello 112.608424 26.899013 Hello  false  0 0 0  false  0 } {{4 2023-03-05 19:56:56.325 +0800 CST 2023-03-05 19:56:56.325 +0800 CST false} 8718490025984 1 d0db3c70-f94d-4d79-9b4b-d29af2d9b388  0 0 10 待接单 2023-03-05 19:56:56.324 +0800 CST 2023-03-05 20:01:56.324 +0800 CST 1970-01-01 08:00:00 +0800 CST 1970-01-01 08:00:00 +0800 CST  1970-01-01 08:00:00 +0800 CST 2023-03-05 20:56:56.324 +0800 CST false 10 10 10 0 0 0 0 0 0 0 0 0 8718490013696 Hello Hello   湖南省 衡阳市 石鼓区 Hello Hello 112.608424 26.899013 Hello  false  0 0 0  false  0 } {{3 2023-03-05 19:55:11.405 +0800 CST 2023-03-05 19:55:11.405 +0800 CST false} 8278419460096 1 d0db3c70-f94d-4d79-9b4b-d29af2d9b388  0 0 10 待接单 2023-03-05 19:55:11.403 +0800 CST 2023-03-05 20:00:11.403 +0800 CST 1970-01-01 08:00:00 +0800 CST 1970-01-01 08:00:00 +0800 CST  1970-01-01 08:00:00 +0800 CST 2023-03-05 20:55:11.403 +0800 CST false 10 10 10 0 0 0 0 0 0 0 0 0 8278419464192 Hello Hello   湖南省 衡阳市 石鼓区 Hello Hello 112.608424 26.899013 Hello  false  0 0 0  false  0 } {{2 2023-03-05 19:52:17.114 +0800 CST 2023-03-05 19:52:17.114 +0800 CST false} 7547390005248 1 d0db3c70-f94d-4d79-9b4b-d29af2d9b388  0 0 10 待接单 2023-03-05 19:52:17.112 +0800 CST 2023-03-05 19:57:17.112 +0800 CST 1970-01-01 08:00:00 +0800 CST 1970-01-01 08:00:00 +0800 CST  1970-01-01 08:00:00 +0800 CST 2023-03-05 20:52:17.112 +0800 CST false 10 10 10 0 0 0 0 0 0 0 0 0 7547390013440 Hello Hello   湖南省 衡阳市 石鼓区 Hello Hello 112.608424 26.899013 Hello  false  0 0 0  false  0 } {{1 2023-03-05 17:53:30 +0800 CST 2023-03-05 17:53:31 +0800 CST false} 4996264446745259237 1 32267802632 测试门店 1 2 70 已完成 2023-03-05 17:56:07 +0800 CST 2023-03-05 17:56:09 +0800 CST 2023-03-05 17:56:10 +0800 CST 2023-03-05 17:56:14 +0800 CST '' 2023-03-05 17:56:23 +0800 CST 2023-03-05 17:56:24 +0800 CST false 0 0 0 0 0 0 0 0 0 0 0 0         '' ''   '' '' false  0 0 0  false  0 }])"}
{"level":"info","ts":"2023-04-09 23:29:57.956517","caller":"service/order.go:143","msg":"test0"}
{"level":"info","ts":"2023-04-09 23:30:00.151605","caller":"service/order.go:126","msg":"orders%!(EXTRA []system.Order=[{{6 2023-03-12 18:04:59.213 +0800 CST 2023-03-12 18:04:59.213 +0800 CST false} 2517259939508224 1 d0db3c70-f94d-4d79-9b4b-d29af2d9b388  0 0 10 待接单 2023-03-12 18:04:59.212 +0800 CST 2023-03-12 18:09:59.212 +0800 CST 1970-01-01 08:00:00 +0800 CST 1970-01-01 08:00:00 +0800 CST  1970-01-01 08:00:00 +0800 CST 2023-03-12 19:04:59.212 +0800 CST false 10 10 10 0 0 0 0 0 0 0 0 0 2517259939487744 Hello Hello   湖南省 衡阳市 石鼓区 Hello Hello 112.608424 26.899013 Hello  false  0 0 0  false  0 } {{5 2023-03-12 18:03:44.542 +0800 CST 2023-03-12 18:03:44.542 +0800 CST false} 2516946734063616 1 d0db3c70-f94d-4d79-9b4b-d29af2d9b388  0 0 10 待接单 2023-03-12 18:03:44.538 +0800 CST 2023-03-12 18:08:44.538 +0800 CST 1970-01-01 08:00:00 +0800 CST 1970-01-01 08:00:00 +0800 CST  1970-01-01 08:00:00 +0800 CST 2023-03-12 19:03:44.538 +0800 CST false 10 10 10 0 0 0 0 0 0 0 0 0 2516946734047232 Hello Hello   湖南省 衡阳市 石鼓区 Hello Hello 112.608424 26.899013 Hello  false  0 0 0  false  0 } {{4 2023-03-05 19:56:56.325 +0800 CST 2023-03-05 19:56:56.325 +0800 CST false} 8718490025984 1 d0db3c70-f94d-4d79-9b4b-d29af2d9b388  0 0 10 待接单 2023-03-05 19:56:56.324 +0800 CST 2023-03-05 20:01:56.324 +0800 CST 1970-01-01 08:00:00 +0800 CST 1970-01-01 08:00:00 +0800 CST  1970-01-01 08:00:00 +0800 CST 2023-03-05 20:56:56.324 +0800 CST false 10 10 10 0 0 0 0 0 0 0 0 0 8718490013696 Hello Hello   湖南省 衡阳市 石鼓区 Hello Hello 112.608424 26.899013 Hello  false  0 0 0  false  0 } {{3 2023-03-05 19:55:11.405 +0800 CST 2023-03-05 19:55:11.405 +0800 CST false} 8278419460096 1 d0db3c70-f94d-4d79-9b4b-d29af2d9b388  0 0 10 待接单 2023-03-05 19:55:11.403 +0800 CST 2023-03-05 20:00:11.403 +0800 CST 1970-01-01 08:00:00 +0800 CST 1970-01-01 08:00:00 +0800 CST  1970-01-01 08:00:00 +0800 CST 2023-03-05 20:55:11.403 +0800 CST false 10 10 10 0 0 0 0 0 0 0 0 0 8278419464192 Hello Hello   湖南省 衡阳市 石鼓区 Hello Hello 112.608424 26.899013 Hello  false  0 0 0  false  0 } {{2 2023-03-05 19:52:17.114 +0800 CST 2023-03-05 19:52:17.114 +0800 CST false} 7547390005248 1 d0db3c70-f94d-4d79-9b4b-d29af2d9b388  0 0 10 待接单 2023-03-05 19:52:17.112 +0800 CST 2023-03-05 19:57:17.112 +0800 CST 1970-01-01 08:00:00 +0800 CST 1970-01-01 08:00:00 +0800 CST  1970-01-01 08:00:00 +0800 CST 2023-03-05 20:52:17.112 +0800 CST false 10 10 10 0 0 0 0 0 0 0 0 0 7547390013440 Hello Hello   湖南省 衡阳市 石鼓区 Hello Hello 112.608424 26.899013 Hello  false  0 0 0  false  0 } {{1 2023-03-05 17:53:30 +0800 CST 2023-03-05 17:53:31 +0800 CST false} 4996264446745259237 1 32267802632 测试门店 1 2 70 已完成 2023-03-05 17:56:07 +0800 CST 2023-03-05 17:56:09 +0800 CST 2023-03-05 17:56:10 +0800 CST 2023-03-05 17:56:14 +0800 CST '' 2023-03-05 17:56:23 +0800 CST 2023-03-05 17:56:24 +0800 CST false 0 0 0 0 0 0 0 0 0 0 0 0         '' ''   '' '' false  0 0 0  false  0 }])"}
{"level":"info","ts":"2023-04-09 23:30:00.152305","caller":"service/order.go:143","msg":"test0"}
{"level":"info","ts":"2023-04-09 23:30:45.056542","caller":"global/db.go:53","msg":"数据库连接成功"}
{"level":"info","ts":"2023-04-09 23:30:45.057342","caller":"global/redis.go:40","msg":"redis连接成功"}
{"level":"info","ts":"2023-04-09 23:30:45.062503","caller":"order/main.go:52","msg":"grpc server is running at 127.0.0.1:8080 ..."}
{"level":"info","ts":"2023-04-09 23:30:46.755757","caller":"service/order.go:141","msg":"test0"}
{"level":"info","ts":"2023-04-09 23:31:43.491321","caller":"global/db.go:53","msg":"数据库连接成功"}
{"level":"info","ts":"2023-04-09 23:31:43.491593","caller":"global/redis.go:40","msg":"redis连接成功"}
{"level":"info","ts":"2023-04-09 23:31:43.494122","caller":"order/main.go:52","msg":"grpc server is running at 127.0.0.1:8080 ..."}
{"level":"info","ts":"2023-04-09 23:32:43.948649","caller":"global/db.go:53","msg":"数据库连接成功"}
{"level":"info","ts":"2023-04-09 23:32:43.949378","caller":"global/redis.go:40","msg":"redis连接成功"}
{"level":"info","ts":"2023-04-09 23:32:43.954267","caller":"order/main.go:52","msg":"grpc server is running at 127.0.0.1:8080 ..."}
{"level":"info","ts":"2023-04-09 23:32:46.154327","caller":"service/order.go:141","msg":"test0"}
{"level":"info","ts":"2023-04-09 23:32:48.576615","caller":"service/order.go:141","msg":"test0"}
>>>>>>> a714c2d (fix)
{"level":"info","ts":"2023-04-23 15:59:17.969814","caller":"global/db.go:54","msg":"数据库连接成功"}
{"level":"info","ts":"2023-04-23 15:59:17.971809","caller":"global/redis.go:40","msg":"redis连接成功"}
{"level":"info","ts":"2023-04-23 15:59:17.977669","caller":"oms/main.go:53","msg":"grpc server is running at 127.0.0.1:8080 ..."}
{"level":"info","ts":"2023-04-23 16:00:10.287907","caller":"global/db.go:54","msg":"数据库连接成功"}
{"level":"info","ts":"2023-04-23 16:00:10.288191","caller":"global/redis.go:40","msg":"redis连接成功"}
{"level":"info","ts":"2023-04-23 16:00:10.291203","caller":"oms/main.go:53","msg":"grpc server is running at 127.0.0.1:8080 ..."}
